<?xml version="1.0" encoding="UTF-8"?>
<!-- Generated by org.testng.reporters.JUnitReportReporter -->
<testsuite skipped="0" hostname="DESKTOP-L0UC1LO" name="com.reddiff.main.ReddiffCompare" tests="2" failures="0" timestamp="23 Feb 2021 12:12:30 GMT" time="0.831" errors="0">
  <testcase name="reddiff" time="0.829" classname="com.reddiff.main.ReddiffCompare"/>
  <testcase name="compare" time="0.002" classname="com.reddiff.main.ReddiffCompare"/>
</testsuite> <!-- com.reddiff.main.ReddiffCompare -->
