<?xml version="1.0" encoding="UTF-8"?>
<!-- Generated by org.testng.reporters.JUnitReportReporter -->
<testsuite skipped="0" hostname="DESKTOP-L0UC1LO" name="com.main.TC_UserEventsOnCheckBox" tests="3" failures="0" timestamp="25 Feb 2021 16:36:32 GMT" time="0.502" errors="0">
  <testcase name="checkingWed" time="0.074" classname="com.main.TC_UserEventsOnCheckBox"/>
  <testcase name="selectMon" time="0.122" classname="com.main.TC_UserEventsOnCheckBox"/>
  <testcase name="selectRedAndOrange" time="0.306" classname="com.main.TC_UserEventsOnCheckBox"/>
</testsuite> <!-- com.main.TC_UserEventsOnCheckBox -->
