<?xml version="1.0" encoding="UTF-8"?>
<!-- Generated by org.testng.reporters.JUnitReportReporter -->
<testsuite skipped="1" hostname="DESKTOP-L0UC1LO" name="com.main.AutoSuggest_001" tests="1" failures="0" timestamp="01 Mar 2021 11:06:01 GMT" time="0.000" errors="0">
  <testcase name="googlesearch" time="0.000" classname="com.main.AutoSuggest_001">
    <skipped/>
  </testcase> <!-- googlesearch -->
</testsuite> <!-- com.main.AutoSuggest_001 -->
