<?xml version="1.0" encoding="UTF-8"?>
<!-- Generated by org.testng.reporters.JUnitReportReporter -->
<testsuite skipped="0" hostname="DESKTOP-L0UC1LO" name="com.main.ReddiffCompare" tests="1" failures="0" timestamp="05 Mar 2021 06:32:53 GMT" time="1.129" errors="0">
  <testcase name="reddiff" time="1.129" classname="com.main.ReddiffCompare"/>
</testsuite> <!-- com.main.ReddiffCompare -->
