<?xml version="1.0" encoding="UTF-8"?>
<!-- Generated by org.testng.reporters.JUnitReportReporter -->
<testsuite skipped="0" hostname="DESKTOP-L0UC1LO" name="com.qa.main.TC_Amazon" tests="1" failures="0" timestamp="23 Feb 2021 06:33:57 GMT" time="9.518" errors="0">
  <testcase name="Amazon" time="9.518" classname="com.qa.main.TC_Amazon"/>
</testsuite> <!-- com.qa.main.TC_Amazon -->
